This is dvips(k) 5.98 Copyright 2009 Radical Eye Software (www.radicaleye.com)
' TeX output 2010.05.07:1035' -> main.ps.temp
</usr/local/texlive/2009/texmf/dvips/base/tex.pro>
</usr/local/texlive/2009/texmf-dist/dvips/pstricks/pstricks.pro>
</usr/local/texlive/2009/texmf-dist/dvips/pstricks/pst-algparser.pro>
</usr/local/texlive/2009/texmf-dist/dvips/pstricks/pst-dots.pro>
</usr/local/texlive/2009/texmf-dist/dvips/pstricks/pst-node.pro>
</usr/local/texlive/2009/texmf-dist/dvips/pst-math/pst-math.pro>
</usr/local/texlive/2009/texmf-dist/dvips/pstricks-add/pstricks-add.pro>
</usr/local/texlive/2009/texmf-dist/dvips/pst-grad/pst-grad.pro>
</usr/local/texlive/2009/texmf-dist/fonts/enc/dvips/cm-super/cm-super-t1.enc>
</usr/local/texlive/2009/texmf/dvips/base/texps.pro>
</usr/local/texlive/2009/texmf/dvips/base/special.pro>
</usr/local/texlive/2009/texmf/dvips/base/color.pro>. 
</usr/local/texlive/2009/texmf-dist/fonts/type1/public/amsfonts/cm/cmsy10.pfb>
</usr/local/texlive/2009/texmf-dist/fonts/type1/public/amsfonts/cm/cmmi12.pfb>
</usr/local/texlive/2009/texmf-dist/fonts/type1/public/cm-super/sfbx1440.pfb>
</usr/local/texlive/2009/texmf-dist/fonts/type1/public/amsfonts/cm/cmmi10.pfb>
</usr/local/texlive/2009/texmf-dist/fonts/type1/public/cm-super/sfbx1000.pfb>
</usr/local/texlive/2009/texmf-dist/fonts/type1/public/cm-super/sfti0700.pfb>
</usr/local/texlive/2009/texmf-dist/fonts/type1/public/cm-super/sfrm2074.pfb>
</usr/local/texlive/2009/texmf-dist/fonts/type1/public/cm-super/sfbx2488.pfb>
</usr/local/texlive/2009/texmf-dist/fonts/type1/public/cm-super/sfti1000.pfb>
</usr/local/texlive/2009/texmf-dist/fonts/type1/public/cm-super/sftt1000.pfb>
</usr/local/texlive/2009/texmf-dist/fonts/type1/public/cm-super/sfrm1000.pfb>
[1<./pic/logoupp.eps>] [2] [3] [4<./pic/q5.eps>] [5
<./pic/graph_over_time.eps>] [6<./pic/graph_over.eps>] [7
<./pic/graph_synchro_time.eps>] [8<./pic/graph_synchro.eps>] [9
<./pic/graph_matmul.eps>] [1] [2] [3] [4] [5] [6] [7] 
