This is pdfTeX, Version 3.1415926-1.40.10 (TeX Live 2009) (format=latex 2010.2.6)  7 MAY 2010 10:35
entering extended mode
 %&-line parsing enabled.
**main
(./main.tex
LaTeX2e <2009/09/24>
Babel <v3.8l> and hyphenation patterns for english, usenglishmax, dumylang, noh
yphenation, german-x-2009-06-19, ngerman-x-2009-06-19, ancientgreek, ibycus, ar
abic, basque, bulgarian, catalan, pinyin, coptic, croatian, czech, danish, dutc
h, esperanto, estonian, farsi, finnish, french, galician, german, ngerman, mono
greek, greek, hungarian, icelandic, indonesian, interlingua, irish, italian, ku
rmanji, latin, latvian, lithuanian, mongolian, mongolian2a, bokmal, nynorsk, po
lish, portuguese, romanian, russian, sanskrit, serbian, slovak, slovenian, span
ish, swedish, turkish, ukenglish, ukrainian, uppersorbian, welsh, loaded.
(/usr/local/texlive/2009/texmf-dist/tex/latex/base/report.cls
Document Class: report 2007/10/19 v1.4h Standard LaTeX document class
(/usr/local/texlive/2009/texmf-dist/tex/latex/base/size10.clo
File: size10.clo 2007/10/19 v1.4h Standard LaTeX file (size option)
)
\c@part=\count79
\c@chapter=\count80
\c@section=\count81
\c@subsection=\count82
\c@subsubsection=\count83
\c@paragraph=\count84
\c@subparagraph=\count85
\c@figure=\count86
\c@table=\count87
\abovecaptionskip=\skip41
\belowcaptionskip=\skip42
\bibindent=\dimen102
) (/usr/local/texlive/2009/texmf-dist/tex/generic/babel/babel.sty
Package: babel 2008/07/06 v3.8l The Babel package
(/usr/local/texlive/2009/texmf-dist/tex/generic/babel/greek.ldf
Language: greek 2005/03/30 v1.3l Greek support from the babel system
(/usr/local/texlive/2009/texmf-dist/tex/generic/babel/babel.def
File: babel.def 2008/07/06 v3.8l Babel common definitions
\babel@savecnt=\count88
\U@D=\dimen103
) Loading the definitions for the Greek font encoding (/usr/local/texlive/2009/
texmf-dist/tex/generic/babel/lgrenc.def
File: lgrenc.def 2008/06/17 v2.3 Greek Encoding
)) (/usr/local/texlive/2009/texmf-dist/tex/generic/babel/english.ldf
Language: english 2005/03/30 v3.3o English support from the babel system
\l@canadian = a dialect from \language\l@american 
\l@australian = a dialect from \language\l@british 
\l@newzealand = a dialect from \language\l@british 
)) (/usr/local/texlive/2009/texmf-dist/tex/latex/base/fontenc.sty
Package: fontenc 2005/09/27 v1.99g Standard LaTeX package
(/usr/local/texlive/2009/texmf-dist/tex/latex/base/t1enc.def
File: t1enc.def 2005/09/27 v1.99g Standard LaTeX file
LaTeX Font Info:    Redeclaring font encoding T1 on input line 43.
)) (/usr/local/texlive/2009/texmf-dist/tex/latex/ucs/ucs.sty
Package: ucs 2004/10/17 UCS: Unicode input support
(/usr/local/texlive/2009/texmf-dist/tex/latex/ucs/data/uni-global.def
File: uni-global.def 2004/10/17 UCS: Unicode global data
)
\uc@secondtry=\count89
\uc@combtoks=\toks14
\uc@combtoksb=\toks15
\uc@temptokena=\toks16
) (/usr/local/texlive/2009/texmf-dist/tex/latex/base/inputenc.sty
Package: inputenc 2008/03/30 v1.1d Input encoding file
\inpenc@prehook=\toks17
\inpenc@posthook=\toks18
(/usr/local/texlive/2009/texmf-dist/tex/latex/ucs/utf8x.def
File: utf8x.def 2004/10/17 UCS: Input encoding UTF-8
)) (/usr/local/texlive/2009/texmf-dist/tex/latex/geometry/geometry.sty
Package: geometry 2008/12/21 v4.2 Page Geometry
(/usr/local/texlive/2009/texmf-dist/tex/latex/graphics/keyval.sty
Package: keyval 1999/03/16 v1.13 key=value parser (DPC)
\KV@toks@=\toks19
) (/usr/local/texlive/2009/texmf-dist/tex/generic/oberdiek/ifpdf.sty
Package: ifpdf 2009/04/10 v2.0 Provides the ifpdf switch (HO)
Package ifpdf Info: pdfTeX in pdf mode not detected.
) (/usr/local/texlive/2009/texmf-dist/tex/generic/oberdiek/ifvtex.sty
Package: ifvtex 2008/11/04 v1.4 Switches for detecting VTeX and its modes (HO)
Package ifvtex Info: VTeX not detected.
)
\Gm@cnth=\count90
\Gm@cntv=\count91
\c@Gm@tempcnt=\count92
\Gm@bindingoffset=\dimen104
\Gm@wd@mp=\dimen105
\Gm@odd@mp=\dimen106
\Gm@even@mp=\dimen107
\Gm@dimlist=\toks20
(/usr/local/texlive/2009/texmf-dist/tex/xelatex/xetexconfig/geometry.cfg)) (/us
r/local/texlive/2009/texmf-dist/tex/latex/float/float.sty
Package: float 2001/11/08 v1.3d Float enhancements (AL)
\c@float@type=\count93
\float@exts=\toks21
\float@box=\box26
\@float@everytoks=\toks22
\@floatcapt=\box27
) (/usr/local/texlive/2009/texmf-dist/tex/latex/tools/enumerate.sty
Package: enumerate 1999/03/05 v3.00 enumerate extensions (DPC)
\@enLab=\toks23
) (/usr/local/texlive/2009/texmf-dist/tex/latex/graphics/graphicx.sty
Package: graphicx 1999/02/16 v1.0f Enhanced LaTeX Graphics (DPC,SPQR)
(/usr/local/texlive/2009/texmf-dist/tex/latex/graphics/graphics.sty
Package: graphics 2009/02/05 v1.0o Standard LaTeX Graphics (DPC,SPQR)
(/usr/local/texlive/2009/texmf-dist/tex/latex/graphics/trig.sty
Package: trig 1999/03/16 v1.09 sin cos tan (DPC)
) (/usr/local/texlive/2009/texmf-dist/tex/latex/latexconfig/graphics.cfg
File: graphics.cfg 2009/08/28 v1.8 graphics configuration of TeX Live
)
Package graphics Info: Driver file: dvips.def on input line 91.
(/usr/local/texlive/2009/texmf-dist/tex/latex/graphics/dvips.def
File: dvips.def 1999/02/16 v3.0i Driver-dependant file (DPC,SPQR)
))
\Gin@req@height=\dimen108
\Gin@req@width=\dimen109
) (/usr/local/texlive/2009/texmf-dist/tex/latex/tools/tabularx.sty
Package: tabularx 1999/01/07 v2.07 `tabularx' package (DPC)
(/usr/local/texlive/2009/texmf-dist/tex/latex/tools/array.sty
Package: array 2008/09/09 v2.4c Tabular extension package (FMi)
\col@sep=\dimen110
\extrarowheight=\dimen111
\NC@list=\toks24
\extratabsurround=\skip43
\backup@length=\skip44
)
\TX@col@width=\dimen112
\TX@old@table=\dimen113
\TX@old@col=\dimen114
\TX@target=\dimen115
\TX@delta=\dimen116
\TX@cols=\count94
\TX@ftn=\toks25
) (/usr/local/texlive/2009/texmf-dist/tex/latex/setspace/setspace.sty
Package: setspace 2000/12/01 6.7 Contributed and Supported LaTeX2e package
Package: `setspace' 6.7 <2000/12/01>
) (/usr/local/texlive/2009/texmf-dist/tex/latex/pstricks/pstricks.sty
Package: pstricks 2008/11/26 v0.40 LaTeX wrapper for `PSTricks' (RN,HV)
(/usr/local/texlive/2009/texmf-dist/tex/generic/pstricks/pstricks.tex
`PSTricks' v1.29  <2009/05/19> (tvz)
\pst@dima=\dimen117
\pst@dimb=\dimen118
\pst@dimc=\dimen119
\pst@dimd=\dimen120
\pst@dimg=\dimen121
\pst@dimh=\dimen122
\pst@hbox=\box28
\pst@boxg=\box29
\pst@cnta=\count95
\pst@cntb=\count96
\pst@cntc=\count97
\pst@cntd=\count98
\pst@cntg=\count99
\pst@cnth=\count100
\pst@toks=\toks26
(/usr/local/texlive/2009/texmf-dist/tex/generic/pstricks/pstricks.con)
\psunit=\dimen123
\psxunit=\dimen124
\psyunit=\dimen125
\pslinewidth=\dimen126
\pst@customdefs=\toks27
\pslinearc=\dimen127
\everypsbox=\toks28
\psframesep=\dimen128
\pslabelsep=\dimen129
\pst@shift=\dimen130
\theoverlaybox=\box30
)
File: pstricks.tex 2009/05/19 v1.29 `PSTricks' (tvz,hv)
(/usr/local/texlive/2009/texmf-dist/tex/latex/xcolor/xcolor.sty
Package: xcolor 2007/01/21 v2.11 LaTeX color extensions (UK)
(/usr/local/texlive/2009/texmf-dist/tex/latex/latexconfig/color.cfg
File: color.cfg 2007/01/18 v1.5 color configuration of teTeX/TeXLive
)
Package xcolor Info: Driver file: dvips.def on input line 225.
Package xcolor Info: Model `cmy' substituted by `cmy0' on input line 1337.
Package xcolor Info: Model `RGB' extended on input line 1353.
Package xcolor Info: Model `HTML' substituted by `rgb' on input line 1355.
Package xcolor Info: Model `Hsb' substituted by `hsb' on input line 1356.
Package xcolor Info: Model `tHsb' substituted by `hsb' on input line 1357.
Package xcolor Info: Model `HSB' substituted by `hsb' on input line 1358.
Package xcolor Info: Model `Gray' substituted by `gray' on input line 1359.
Package xcolor Info: Model `wave' substituted by `hsb' on input line 1360.
)) (/usr/local/texlive/2009/texmf-dist/tex/latex/pstricks-add/pstricks-add.sty
Package: pstricks-add 2009/03/17 v. 0.13 package wrapper for pstricks-add.tex (
hv)
(/usr/local/texlive/2009/texmf-dist/tex/generic/pstricks-add/pstricks-add.tex (
/usr/local/texlive/2009/texmf-dist/tex/generic/pstricks/pst-plot.tex (/usr/loca
l/texlive/2009/texmf-dist/tex/generic/multido/multido.tex  v1.41, 2004/05/18 <t
vz>
\multido@count=\count101
\multidocount=\count102
\multido@stuff=\toks29
)  v1.04, 2009/06/08) (/usr/local/texlive/2009/texmf-dist/tex/generic/pstricks/
pst-node.tex  v1.01, 2008/11/26
\psrow=\count103
\pscol=\count104
\psmatrixcnt=\count105
\psrowsep=\skip45
\pscolsep=\skip46
) (/usr/local/texlive/2009/texmf-dist/tex/generic/pst-3d/pst-3d.tex (/usr/local
/texlive/2009/texmf-dist/tex/generic/xkeyval/pst-xkey.tex
File: pst-xkey.tex 2005/11/25 v1.6 PSTricks specialization of xkeyval (HA)
(/usr/local/texlive/2009/texmf-dist/tex/latex/xkeyval/xkeyval.sty
Package: xkeyval 2008/08/13 v2.6a package option processing (HA)
(/usr/local/texlive/2009/texmf-dist/tex/generic/xkeyval/xkeyval.tex
\XKV@toks=\toks30
\XKV@tempa@toks=\toks31
\XKV@depth=\count106
File: xkeyval.tex 2008/08/13 v2.6a key=value parser (HA)
))) `PST-3d' v1.00, 2005/09/03 (tvz)) (/usr/local/texlive/2009/texmf-dist/tex/g
eneric/pstricks-add/pst-fp.tex `pst-fp' v0.02, 2009/04/02 (hv)
\pstFP@xs=\count107
\pstFP@xia=\count108
\pstFP@xib=\count109
\pstFP@xfa=\count110
\pstFP@xfb=\count111
\pstFP@rega=\count112
\pstFP@regb=\count113
\pstFP@regs=\count114
\pstFP@times=\count115
) (/usr/local/texlive/2009/texmf-dist/tex/generic/pst-math/pst-math.tex `pst-ma
th' v0.23 , (CJ,hv)) `pstricks-add' v3.35, 2009/10/12 (dr,hv)
\pst@dimm=\dimen131
\pst@dimn=\dimen132
\pst@dimo=\dimen133
\pst@dimp=\dimen134
\pst@cntm=\count116
\pst@cntn=\count117
\pst@cnto=\count118
\pst@cntp=\count119
\@zero=\count120
\pstRadUnit=\dimen135
\pstRadUnitInv=\dimen136
\pshooklength=\dimen137
\pshookwidth=\dimen138
\@digitcounter=\count121
\psk@subticksize=\dimen139
\pst@xticksizeA=\dimen140
\pst@xticksizeB=\dimen141
\pst@xticksizeC=\dimen142
\pst@yticksizeA=\dimen143
\pst@yticksizeB=\dimen144
\pst@yticksizeC=\dimen145
\psk@llx=\dimen146
\psk@lly=\dimen147
\psk@urx=\dimen148
\psk@ury=\dimen149
\pst@xunit=\dimen150
\pst@yunit=\dimen151
\linecnt=\count122
\chart@ColorIndex=\dimen152
\chart@ColorStep=\dimen153
\pst@chartHeight=\dimen154
\pst@chartStackDepth=\dimen155
\pst@chartStackWidth=\dimen156
\chart@Toggle=\count123
)
File: pstricks-add.tex 2009/10/12 v3.35 `PSTricks-add' (hv)
) (/usr/local/texlive/2009/texmf-dist/tex/latex/graphics/epsfig.sty
Package: epsfig 1999/02/16 v1.7a (e)psfig emulation (SPQR)
\epsfxsize=\dimen157
\epsfysize=\dimen158
) (/usr/local/texlive/2009/texmf-dist/tex/latex/pst-grad/pst-grad.sty
Package: pst-grad 2004/07/15 package wrapper for pst-grad.tex (hv)
(/usr/local/texlive/2009/texmf-dist/tex/generic/pst-grad/pst-grad.tex `pst-grad
' v1.06, 2006/11/27 (tvz,dg,hv))
File: pst-grad.tex 2006/11/27 1.06 `pst-grad' (tvz)
) (/usr/local/texlive/2009/texmf-dist/tex/latex/pstricks/pst-plot.sty
Package: pst-plot 2004/07/15 package wrapper for pst-plot.tex
(/usr/local/texlive/2009/texmf-dist/tex/generic/pstricks/pst-plot.tex)
File: pst-plot.tex 2006/11/27 1.06 `pst-plot' (tvz)
) (/usr/local/texlive/2009/texmf-dist/tex/latex/amsmath/amsmath.sty
Package: amsmath 2000/07/18 v2.13 AMS math features
\@mathmargin=\skip47
For additional information on amsmath, use the `?' option.
(/usr/local/texlive/2009/texmf-dist/tex/latex/amsmath/amstext.sty
Package: amstext 2000/06/29 v2.01
(/usr/local/texlive/2009/texmf-dist/tex/latex/amsmath/amsgen.sty
File: amsgen.sty 1999/11/30 v2.0
\@emptytoks=\toks32
\ex@=\dimen159
)) (/usr/local/texlive/2009/texmf-dist/tex/latex/amsmath/amsbsy.sty
Package: amsbsy 1999/11/29 v1.2d
\pmbraise@=\dimen160
) (/usr/local/texlive/2009/texmf-dist/tex/latex/amsmath/amsopn.sty
Package: amsopn 1999/12/14 v2.01 operator names
)
\inf@bad=\count124
LaTeX Info: Redefining \frac on input line 211.
\uproot@=\count125
\leftroot@=\count126
LaTeX Info: Redefining \overline on input line 307.
\classnum@=\count127
\DOTSCASE@=\count128
LaTeX Info: Redefining \ldots on input line 379.
LaTeX Info: Redefining \dots on input line 382.
LaTeX Info: Redefining \cdots on input line 467.
\Mathstrutbox@=\box31
\strutbox@=\box32
\big@size=\dimen161
LaTeX Font Info:    Redeclaring font encoding OML on input line 567.
LaTeX Font Info:    Redeclaring font encoding OMS on input line 568.
\macc@depth=\count129
\c@MaxMatrixCols=\count130
\dotsspace@=\muskip10
\c@parentequation=\count131
\dspbrk@lvl=\count132
\tag@help=\toks33
\row@=\count133
\column@=\count134
\maxfields@=\count135
\andhelp@=\toks34
\eqnshift@=\dimen162
\alignsep@=\dimen163
\tagshift@=\dimen164
\tagwidth@=\dimen165
\totwidth@=\dimen166
\lineht@=\dimen167
\@envbody=\toks35
\multlinegap=\skip48
\multlinetaggap=\skip49
\mathdisplay@stack=\toks36
LaTeX Info: Redefining \[ on input line 2666.
LaTeX Info: Redefining \] on input line 2667.
) (/usr/local/texlive/2009/texmf-dist/tex/latex/amsfonts/amsfonts.sty
Package: amsfonts 2009/06/22 v3.00 Basic AMSFonts support
\symAMSa=\mathgroup4
\symAMSb=\mathgroup5
LaTeX Font Info:    Overwriting math alphabet `\mathfrak' in version `bold'
(Font)                  U/euf/m/n --> U/euf/b/n on input line 96.
) (/usr/local/texlive/2009/texmf-dist/tex/latex/amsfonts/amssymb.sty
Package: amssymb 2009/06/22 v3.00
) (/usr/local/texlive/2009/texmf-dist/tex/latex/amsmath/amsxtra.sty
Package: amsxtra 1999/11/15 v1.2c
LaTeX Info: Redefining \nobreakspace on input line 77.
) (/usr/local/texlive/2009/texmf-dist/tex/latex/jknapltx/mathrsfs.sty
Package: mathrsfs 1996/01/01 Math RSFS package v1.0 (jk)
\symrsfs=\mathgroup6
) (/usr/local/texlive/2009/texmf-dist/tex/latex/ltxmisc/framed.sty
Package: framed 2007/10/04 v 0.95: framed or shaded text with page breaks
\fb@frw=\dimen168
\fb@frh=\dimen169
\FrameRule=\dimen170
\FrameSep=\dimen171
) (/usr/local/texlive/2009/texmf-dist/tex/latex/tools/verbatim.sty
Package: verbatim 2003/08/22 v1.5q LaTeX2e package for verbatim enhancements
\every@verbatim=\toks37
\verbatim@line=\toks38
\verbatim@in@stream=\read1
) (/usr/local/texlive/2009/texmf-dist/tex/latex/moreverb/moreverb.sty
Package: moreverb 2008/06/03 v2.3 `more' verbatim facilities
\verbatim@out=\write3
\tab@position=\count136
\tab@size=\count137
\listing@line=\count138
) (/usr/local/texlive/2009/texmf-dist/tex/latex/fancyhdr/fancyhdr.sty
\fancy@headwidth=\skip50
\f@ncyO@elh=\skip51
\f@ncyO@erh=\skip52
\f@ncyO@olh=\skip53
\f@ncyO@orh=\skip54
\f@ncyO@elf=\skip55
\f@ncyO@erf=\skip56
\f@ncyO@olf=\skip57
\f@ncyO@orf=\skip58
) (/usr/local/texlive/2009/texmf-dist/tex/latex/ltxmisc/url.sty
\Urlmuskip=\muskip11
Package: url 2006/04/12  ver 3.3  Verb mode for urls, etc.
) (/usr/local/texlive/2009/texmf-dist/tex/latex/listings/listings.sty
\lst@mode=\count139
\lst@gtempboxa=\box33
\lst@token=\toks39
\lst@length=\count140
\lst@currlwidth=\dimen172
\lst@column=\count141
\lst@pos=\count142
\lst@lostspace=\dimen173
\lst@width=\dimen174
\lst@newlines=\count143
\lst@lineno=\count144
\lst@maxwidth=\dimen175
(/usr/local/texlive/2009/texmf-dist/tex/latex/listings/lstmisc.sty
File: lstmisc.sty 2007/02/22 1.4 (Carsten Heinz)
\c@lstnumber=\count145
\lst@skipnumbers=\count146
\lst@framebox=\box34
) (/usr/local/texlive/2009/texmf-dist/tex/latex/listings/listings.cfg
File: listings.cfg 2007/02/22 1.4 listings configuration
))
Package: listings 2007/02/22 1.4 (Carsten Heinz)
(/usr/local/texlive/2009/texmf-dist/tex/latex/lettrine/lettrine.sty
File: lettrine.sty 2007/08/08 v1.62 (Daniel Flipo)
\c@DefaultLines=\count147
\DefaultFindent=\dimen176
\DefaultNindent=\dimen177
\DefaultSlope=\dimen178
\L@lbox=\box35
\L@tbox=\box36
\c@L@lines=\count148
\L@Pindent=\dimen179
\L@Findent=\dimen180
\L@Nindent=\dimen181
\L@lraise=\dimen182
\L@first=\dimen183
\L@next=\dimen184
\L@slope=\dimen185
\L@height=\dimen186
\LettrineWidth=\dimen187
Loading lettrine.cfg
(/usr/local/texlive/2009/texmf-dist/tex/latex/lettrine/lettrine.cfg)) (/usr/loc
al/texlive/2009/texmf-dist/tex/latex/listings/lstlang1.sty
File: lstlang1.sty 2004/09/05 1.3 listings language file
) (/usr/local/texlive/2009/texmf-dist/tex/latex/listings/lstmisc.sty
File: lstmisc.sty 2007/02/22 1.4 (Carsten Heinz)
) (./my_math.tex) (./main.aux (./appendix.aux))
\openout1 = `main.aux'.

LaTeX Font Info:    Checking defaults for OML/cmm/m/it on input line 84.
LaTeX Font Info:    ... okay on input line 84.
LaTeX Font Info:    Checking defaults for T1/cmr/m/n on input line 84.
LaTeX Font Info:    ... okay on input line 84.
LaTeX Font Info:    Checking defaults for OT1/cmr/m/n on input line 84.
LaTeX Font Info:    ... okay on input line 84.
LaTeX Font Info:    Checking defaults for OMS/cmsy/m/n on input line 84.
LaTeX Font Info:    ... okay on input line 84.
LaTeX Font Info:    Checking defaults for OMX/cmex/m/n on input line 84.
LaTeX Font Info:    ... okay on input line 84.
LaTeX Font Info:    Checking defaults for U/cmr/m/n on input line 84.
LaTeX Font Info:    ... okay on input line 84.
LaTeX Font Info:    Checking defaults for LGR/cmr/m/n on input line 84.
LaTeX Font Info:    Try loading font information for LGR+cmr on input line 84.
(/usr/local/texlive/2009/texmf-dist/tex/latex/cbfonts/lgrcmr.fd
File: lgrcmr.fd 2008/01/04 v1.0 Greek Computer Modern
)
LaTeX Font Info:    ... okay on input line 84.
(/usr/local/texlive/2009/texmf-dist/tex/latex/ucs/ucsencs.def
File: ucsencs.def 2003/11/29 Fixes to fontencodings LGR, T3
fontencoding LGR patched
)
*geometry auto-detecting driver*
*geometry detected driver: dvips*
-------------------- Geometry parameters
paper: a4paper
landscape: --
twocolumn: --
twoside: --
asymmetric: --
h-parts: 59.75095pt, 478.00598pt, 59.75095pt
v-parts: 73.97733pt, 697.0922pt, 73.97733pt
hmarginratio: --
vmarginratio: --
lines: --
heightrounded: --
bindingoffset: 0.0pt
truedimen: --
includehead: --
includefoot: --
includemp: --
driver: dvips
-------------------- Page layout dimensions and switches
\paperwidth  597.50787pt
\paperheight 845.04684pt
\textwidth  478.00598pt
\textheight 697.0922pt
\oddsidemargin  -12.51904pt
\evensidemargin -12.51904pt
\topmargin  -35.29266pt
\headheight 12.0pt
\headsep    25.0pt
\footskip   30.0pt
\marginparwidth 57.0pt
\marginparsep   11.0pt
\columnsep  10.0pt
\skip\footins  9.0pt plus 4.0pt minus 2.0pt
\hoffset 0.0pt
\voffset 0.0pt
\mag 1000

(1in=72.27pt, 1cm=28.45pt)
-----------------------
\c@lstlisting=\count149

Package Fancyhdr Warning: \fancyfoot's `E' option without twoside option is use
less on input line 94.


Package Fancyhdr Warning: \fancyfoot's `E' option without twoside option is use
less on input line 95.

(./title.tex (/usr/local/texlive/2009/texmf-dist/tex/latex/amsfonts/umsa.fd) (/
usr/local/texlive/2009/texmf-dist/tex/latex/amsfonts/umsb.fd) (/usr/local/texli
ve/2009/texmf-dist/tex/latex/jknapltx/ursfs.fd) (/usr/local/texlive/2009/texmf-
dist/tex/latex/base/t1cmtt.fd) <pic/logoupp.eps> <pic/logoupp.eps>
File: pic/logoupp.eps Graphic file (type eps)
<pic/logoupp.eps>
Overfull \hbox (20.69086pt too wide) in paragraph at lines 15--16
[][] 
 []

[1

])

Package Fancyhdr Warning: \fancyhead's `E' option without twoside option is use
less on input line 105.


Package Fancyhdr Warning: \fancyhead's `E' option without twoside option is use
less on input line 108.


Package Fancyhdr Warning: \fancyfoot's `E' option without twoside option is use
less on input line 111.


Package Fancyhdr Warning: \fancyfoot's `E' option without twoside option is use
less on input line 112.

(./main.toc)
\tf@toc=\write4
\openout4 = `main.toc'.

(./q4.tex

Package Fancyhdr Warning: \fancyfoot's `E' option without twoside option is use
less on input line 1.


Package Fancyhdr Warning: \fancyfoot's `E' option without twoside option is use
less on input line 1.

[2

]
Chapter 1.
) (./q5.tex
File: pic/q5.eps Graphic file (type eps)
<pic/q5.eps>

Package Fancyhdr Warning: \fancyfoot's `E' option without twoside option is use
less on input line 6.


Package Fancyhdr Warning: \fancyfoot's `E' option without twoside option is use
less on input line 6.

[3

]) (./q6_2.tex [4]
Chapter 2.
) (./q6_3.tex
File: pic/graph_over_time.eps Graphic file (type eps)
<pic/graph_over_time.eps>
File: pic/graph_over.eps Graphic file (type eps)
<pic/graph_over.eps>

LaTeX Warning: `!h' float specifier changed to `!ht'.

File: pic/graph_synchro_time.eps Graphic file (type eps)
<pic/graph_synchro_time.eps>

LaTeX Warning: `!h' float specifier changed to `!ht'.

File: pic/graph_synchro.eps Graphic file (type eps)
<pic/graph_synchro.eps>

LaTeX Warning: `!h' float specifier changed to `!ht'.

) (./q6_5.tex

Package Fancyhdr Warning: \fancyfoot's `E' option without twoside option is use
less on input line 1.


Package Fancyhdr Warning: \fancyfoot's `E' option without twoside option is use
less on input line 1.

[5

] [6] [7] [8]
Chapter 3.
File: pic/graph_matmul.eps Graphic file (type eps)
<pic/graph_matmul.eps>)

Package Fancyhdr Warning: \fancyfoot's `E' option without twoside option is use
less on input line 138.


Package Fancyhdr Warning: \fancyfoot's `E' option without twoside option is use
less on input line 138.

[9

]
\openout2 = `appendix.aux'.

(./appendix.tex
Appendix A.
(/usr/local/texlive/2009/texmf-dist/tex/latex/ucs/utf8x.def
File: utf8x.def 2004/10/17 UCS: Input encoding UTF-8
) (../labPthreads/pi.c
LaTeX Font Info:    Try loading font information for OMS+cmr on input line 1.
(/usr/local/texlive/2009/texmf-dist/tex/latex/base/omscmr.fd
File: omscmr.fd 1999/05/25 v2.5h Standard LaTeX font definitions
)
LaTeX Font Info:    Font shape `OMS/cmr/m/it' in size <10> not available
(Font)              Font shape `OMS/cmsy/m/n' tried instead on input line 1.
LaTeX Font Info:    Font shape `OMS/cmr/m/n' in size <10> not available
(Font)              Font shape `OMS/cmsy/m/n' tried instead on input line 17.

Package Fancyhdr Warning: \fancyfoot's `E' option without twoside option is use
less on input line 40.


Package Fancyhdr Warning: \fancyfoot's `E' option without twoside option is use
less on input line 40.

[1


]) [2]
Appendix B.
(/usr/local/texlive/2009/texmf-dist/tex/latex/ucs/utf8x.def
File: utf8x.def 2004/10/17 UCS: Input encoding UTF-8
) (../labPthreads/matmul.c

Package Fancyhdr Warning: \fancyfoot's `E' option without twoside option is use
less on input line 39.


Package Fancyhdr Warning: \fancyfoot's `E' option without twoside option is use
less on input line 39.

[3

] [4]) (/usr/local/texlive/2009/texmf-dist/tex/latex/ucs/utf8x.def
File: utf8x.def 2004/10/17 UCS: Input encoding UTF-8
) (../labPthreads/matmulot.c [5] [6])) [7] (./main.aux (./appendix.aux)) ) 
Here is how much of TeX's memory you used:
 8602 strings out of 493849
 120070 string characters out of 3149231
 297031 words of memory out of 3000000
 11641 multiletter control sequences out of 15000+200000
 18053 words of font info for 56 fonts, out of 3000000 for 9000
 714 hyphenation exceptions out of 8191
 36i,15n,72p,577b,1368s stack positions out of 5000i,500n,10000p,200000b,50000s

Output written on main.dvi (16 pages, 39644 bytes).
